<?xml version="1.0" encoding="UTF-8"?>
<testng-results ignored="0" total="3" passed="3" failed="0" skipped="0">
  <reporter-output>
  </reporter-output>
  <suite started-at="2023-03-02T19:43:43 IST" name="Day3Suite1" finished-at="2023-03-02T19:43:43 IST" duration-ms="61">
    <groups>
    </groups>
    <test started-at="2023-03-02T19:43:43 IST" name="C:/Users/a853684/IdeaProjects/LearnTestNG/src/test/resources" finished-at="2023-03-02T19:43:43 IST" duration-ms="61">
      <class name="Day3.AnnotationsPractice1">
        <test-method is-config="true" signature="beforeSuiteMethod()[pri:0, instance:Day3.AnnotationsPractice1@318ba8c8]" started-at="2023-03-02T19:43:43 IST" name="beforeSuiteMethod" finished-at="2023-03-02T19:43:43 IST" duration-ms="12" status="PASS">
          <reporter-output>
          </reporter-output>
        </test-method> <!-- beforeSuiteMethod -->
        <test-method is-config="true" signature="beforeTest()[pri:0, instance:Day3.AnnotationsPractice1@318ba8c8]" started-at="2023-03-02T19:43:43 IST" name="beforeTest" finished-at="2023-03-02T19:43:43 IST" duration-ms="1" status="PASS">
          <reporter-output>
          </reporter-output>
        </test-method> <!-- beforeTest -->
        <test-method is-config="true" signature="beforeClass()[pri:0, instance:Day3.AnnotationsPractice1@318ba8c8]" started-at="2023-03-02T19:43:43 IST" name="beforeClass" finished-at="2023-03-02T19:43:43 IST" duration-ms="0" status="PASS">
          <reporter-output>
          </reporter-output>
        </test-method> <!-- beforeClass -->
        <test-method is-config="true" signature="beforeMethod()[pri:0, instance:Day3.AnnotationsPractice1@318ba8c8]" started-at="2023-03-02T19:43:43 IST" name="beforeMethod" finished-at="2023-03-02T19:43:43 IST" duration-ms="1" status="PASS">
          <reporter-output>
          </reporter-output>
        </test-method> <!-- beforeMethod -->
        <test-method signature="method1()[pri:1, instance:Day3.AnnotationsPractice1@318ba8c8]" started-at="2023-03-02T19:43:43 IST" name="method1" finished-at="2023-03-02T19:43:43 IST" duration-ms="2" status="PASS">
          <reporter-output>
          </reporter-output>
        </test-method> <!-- method1 -->
        <test-method is-config="true" signature="afterMethod()[pri:0, instance:Day3.AnnotationsPractice1@318ba8c8]" started-at="2023-03-02T19:43:43 IST" name="afterMethod" finished-at="2023-03-02T19:43:43 IST" duration-ms="1" status="PASS">
          <reporter-output>
          </reporter-output>
        </test-method> <!-- afterMethod -->
        <test-method is-config="true" signature="beforeMethod()[pri:0, instance:Day3.AnnotationsPractice1@318ba8c8]" started-at="2023-03-02T19:43:43 IST" name="beforeMethod" finished-at="2023-03-02T19:43:43 IST" duration-ms="0" status="PASS">
          <reporter-output>
          </reporter-output>
        </test-method> <!-- beforeMethod -->
        <test-method signature="method2()[pri:2, instance:Day3.AnnotationsPractice1@318ba8c8]" started-at="2023-03-02T19:43:43 IST" name="method2" finished-at="2023-03-02T19:43:43 IST" duration-ms="0" status="PASS">
          <reporter-output>
          </reporter-output>
        </test-method> <!-- method2 -->
        <test-method is-config="true" signature="afterMethod()[pri:0, instance:Day3.AnnotationsPractice1@318ba8c8]" started-at="2023-03-02T19:43:43 IST" name="afterMethod" finished-at="2023-03-02T19:43:43 IST" duration-ms="0" status="PASS">
          <reporter-output>
          </reporter-output>
        </test-method> <!-- afterMethod -->
        <test-method is-config="true" signature="afterClass()[pri:0, instance:Day3.AnnotationsPractice1@318ba8c8]" started-at="2023-03-02T19:43:43 IST" name="afterClass" finished-at="2023-03-02T19:43:43 IST" duration-ms="0" status="PASS">
          <reporter-output>
          </reporter-output>
        </test-method> <!-- afterClass -->
        <test-method is-config="true" signature="afterTest()[pri:0, instance:Day3.AnnotationsPractice1@318ba8c8]" started-at="2023-03-02T19:43:43 IST" name="afterTest" finished-at="2023-03-02T19:43:43 IST" duration-ms="1" status="PASS">
          <reporter-output>
          </reporter-output>
        </test-method> <!-- afterTest -->
        <test-method is-config="true" signature="afterSuiteMethod()[pri:0, instance:Day3.AnnotationsPractice1@318ba8c8]" started-at="2023-03-02T19:43:43 IST" name="afterSuiteMethod" finished-at="2023-03-02T19:43:43 IST" duration-ms="0" status="PASS">
          <reporter-output>
          </reporter-output>
        </test-method> <!-- afterSuiteMethod -->
      </class> <!-- Day3.AnnotationsPractice1 -->
      <class name="Day3.AnnotationsPractice2">
        <test-method is-config="true" signature="beforeClass()[pri:0, instance:Day3.AnnotationsPractice2@163e4e87]" started-at="2023-03-02T19:43:43 IST" name="beforeClass" finished-at="2023-03-02T19:43:43 IST" duration-ms="1" status="PASS">
          <reporter-output>
          </reporter-output>
        </test-method> <!-- beforeClass -->
        <test-method is-config="true" signature="beforeMethod()[pri:0, instance:Day3.AnnotationsPractice2@163e4e87]" started-at="2023-03-02T19:43:43 IST" name="beforeMethod" finished-at="2023-03-02T19:43:43 IST" duration-ms="0" status="PASS">
          <reporter-output>
          </reporter-output>
        </test-method> <!-- beforeMethod -->
        <test-method signature="method3()[pri:0, instance:Day3.AnnotationsPractice2@163e4e87]" started-at="2023-03-02T19:43:43 IST" name="method3" finished-at="2023-03-02T19:43:43 IST" duration-ms="1" status="PASS">
          <reporter-output>
          </reporter-output>
        </test-method> <!-- method3 -->
        <test-method is-config="true" signature="afterMethod()[pri:0, instance:Day3.AnnotationsPractice2@163e4e87]" started-at="2023-03-02T19:43:43 IST" name="afterMethod" finished-at="2023-03-02T19:43:43 IST" duration-ms="2" status="PASS">
          <reporter-output>
          </reporter-output>
        </test-method> <!-- afterMethod -->
        <test-method is-config="true" signature="afterClass()[pri:0, instance:Day3.AnnotationsPractice2@163e4e87]" started-at="2023-03-02T19:43:43 IST" name="afterClass" finished-at="2023-03-02T19:43:43 IST" duration-ms="1" status="PASS">
          <reporter-output>
          </reporter-output>
        </test-method> <!-- afterClass -->
      </class> <!-- Day3.AnnotationsPractice2 -->
    </test> <!-- C:/Users/a853684/IdeaProjects/LearnTestNG/src/test/resources -->
  </suite> <!-- Day3Suite1 -->
</testng-results>
